[+] Containers:
 |- [+] Container: /Game/Map/Midterm_CavernEscape
 |   |- [+] ActorDescs:
 |   |   |- Guid:051098A74E70665CF03E94B5911D8BB5 BaseClass: NativeClass:/Script/Paper2D.PaperTileMapActor Name:PaperTileMapActor_UAID_FC3497DE5D47B4AF01_1982217639 Label:Tilemap_TileMap SpatiallyLoaded:1 Bounds:IsValid=true, Min=(X=-28.000 Y=-97.500 Z=-392.000), Max=(X=4452.000 Y=77.500 Z=1288.000) RuntimeGrid:None EditorOnly:0 RuntimeOnly:0 HLODRelevant:0 ListedInSceneOutliner:1 IsMainWorldOnly:0
 |   |   |- Guid:094935CE45BA93E36E4D42AEFD4D9959 BaseClass: NativeClass:/Script/Paper2D.PaperSpriteActor Name:PaperSpriteActor_UAID_FC3497DE5D471ABB01_1194028207 Label:caveRemasteredV7_Sprite2 SpatiallyLoaded:1 Bounds:IsValid=true, Min=(X=47.553 Y=-56.112 Z=-302.930), Max=(X=2025.875 Y=-3.888 Z=1248.152) RuntimeGrid:None EditorOnly:0 RuntimeOnly:0 HLODRelevant:0 ListedInSceneOutliner:1 IsMainWorldOnly:0
 |   |   |- Guid:1120220F467D7B5C740D76B080E08934 BaseClass: NativeClass:/Script/Engine.TriggerBox Name:TriggerBox_UAID_FC3497DE5D47C6AF01_1826195807 Label:TriggerBox SpatiallyLoaded:1 Bounds:IsValid=true, Min=(X=2446.250 Y=-68.100 Z=-80.000), Max=(X=3093.750 Y=68.100 Z=0.000) RuntimeGrid:None EditorOnly:0 RuntimeOnly:0 HLODRelevant:0 ListedInSceneOutliner:1 IsMainWorldOnly:0 FolderPath:triggerboxes FolderGuid:220F06044A7E7E1367BDA982C1BCD938
 |   |   |- Guid:1629EAD04599C2DBB2035A89B7F114C4 BaseClass:/Game/Blueprints/Enemies/Skeleton/BP_Skeleton.BP_Skeleton_C NativeClass:/Script/PaperZD.PaperZDCharacter Name:BP_Skeleton_C_UAID_FC3497DE5D4723BB01_2037883799 Label:BP_Skeleton SpatiallyLoaded:1 Bounds:IsValid=true, Min=(X=958.000 Y=20.397 Z=-39.154), Max=(X=1022.000 Y=77.603 Z=47.154) RuntimeGrid:None EditorOnly:0 RuntimeOnly:0 HLODRelevant:0 ListedInSceneOutliner:1 IsMainWorldOnly:0 FolderPath:enemies FolderGuid:386B830542E85855740DA6A14E899EA4
 |   |   |- Guid:18BD402749A9E0FAE4B98891B8E0D785 BaseClass:/Game/Blueprints/Enemies/Skeleton/BP_Skeleton.BP_Skeleton_C NativeClass:/Script/PaperZD.PaperZDCharacter Name:BP_Skeleton_C_UAID_FC3497DE5D473ABB01_1878418846 Label:BP_Skeleton8 SpatiallyLoaded:1 Bounds:IsValid=true, Min=(X=1218.000 Y=20.397 Z=-39.154), Max=(X=1282.000 Y=77.603 Z=47.154) RuntimeGrid:None EditorOnly:0 RuntimeOnly:0 HLODRelevant:0 ListedInSceneOutliner:1 IsMainWorldOnly:0 FolderPath:enemies FolderGuid:386B830542E85855740DA6A14E899EA4
 |   |   |- Guid:1A846CC9478A26ABC960EFAB14286DC1 BaseClass:/Game/Blueprints/Enemies/Skeleton/BP_Skeleton.BP_Skeleton_C NativeClass:/Script/PaperZD.PaperZDCharacter Name:BP_Skeleton_C_UAID_FC3497DE5D473ABB01_1809742843 Label:BP_Skeleton5 SpatiallyLoaded:1 Bounds:IsValid=true, Min=(X=1818.000 Y=20.397 Z=-39.154), Max=(X=1882.000 Y=77.603 Z=47.154) RuntimeGrid:None EditorOnly:0 RuntimeOnly:0 HLODRelevant:0 ListedInSceneOutliner:1 IsMainWorldOnly:0 FolderPath:enemies FolderGuid:386B830542E85855740DA6A14E899EA4
 |   |   |- Guid:25FA7C004C486B40B4F2E2A5ECC4F1C6 BaseClass:/Game/Blueprints/Enemies/Skeleton/BP_Skeleton.BP_Skeleton_C NativeClass:/Script/PaperZD.PaperZDCharacter Name:BP_Skeleton_C_UAID_FC3497DE5D473ABB01_1863553845 Label:BP_Skeleton7 SpatiallyLoaded:1 Bounds:IsValid=true, Min=(X=1658.000 Y=20.397 Z=-39.154), Max=(X=1722.000 Y=77.603 Z=47.154) RuntimeGrid:None EditorOnly:0 RuntimeOnly:0 HLODRelevant:0 ListedInSceneOutliner:1 IsMainWorldOnly:0 FolderPath:enemies FolderGuid:386B830542E85855740DA6A14E899EA4
 |   |   |- Guid:2E0C968D47A97B5D351BCE85330CC5BF BaseClass:/Game/Blueprints/Enemies/Skeleton/BP_Skeleton.BP_Skeleton_C NativeClass:/Script/PaperZD.PaperZDCharacter Name:BP_Skeleton_C_UAID_FC3497DE5D473ABB01_1782179840 Label:BP_Skeleton2 SpatiallyLoaded:1 Bounds:IsValid=true, Min=(X=2358.000 Y=20.397 Z=340.846), Max=(X=2422.000 Y=77.603 Z=427.154) RuntimeGrid:None EditorOnly:0 RuntimeOnly:0 HLODRelevant:0 ListedInSceneOutliner:1 IsMainWorldOnly:0 FolderPath:enemies FolderGuid:386B830542E85855740DA6A14E899EA4
 |   |   |- Guid:3C0BFDC9433F7DD5649F118A41EDD852 BaseClass: NativeClass:/Script/Engine.ExponentialHeightFog Name:ExponentialHeightFog_UAID_A85E45CFE40401D200_1470382763 Label:ExponentialHeightFog SpatiallyLoaded:0 Bounds:IsValid=true, Min=(X=-5600.000 Y=-50.000 Z=-6850.000), Max=(X=-5600.000 Y=-50.000 Z=-6850.000) RuntimeGrid:None EditorOnly:0 RuntimeOnly:0 HLODRelevant:0 ListedInSceneOutliner:1 IsMainWorldOnly:0
 |   |   |- Guid:58AB328647C7F16D489DE79C185124E4 BaseClass: NativeClass:/Script/Engine.PlayerStart Name:PlayerStart_UAID_F02F74551BF5599B01_1153002503 Label:PlayerStart SpatiallyLoaded:0 Bounds:IsValid=true, Min=(X=270.000 Y=20.000 Z=230.000), Max=(X=350.000 Y=100.000 Z=414.000) RuntimeGrid:None EditorOnly:0 RuntimeOnly:0 HLODRelevant:0 ListedInSceneOutliner:1 IsMainWorldOnly:0
 |   |   |- Guid:5BB1D89A4E1C82F05A62289E38EBF54D BaseClass:/Game/Blueprints/Enemies/Skeleton/BP_Skeleton.BP_Skeleton_C NativeClass:/Script/PaperZD.PaperZDCharacter Name:BP_Skeleton_C_UAID_FC3497DE5D473ABB01_1803975842 Label:BP_Skeleton4 SpatiallyLoaded:1 Bounds:IsValid=true, Min=(X=3118.000 Y=20.397 Z=-49.154), Max=(X=3182.000 Y=77.603 Z=37.154) RuntimeGrid:None EditorOnly:0 RuntimeOnly:0 HLODRelevant:0 ListedInSceneOutliner:1 IsMainWorldOnly:0 FolderPath:enemies FolderGuid:386B830542E85855740DA6A14E899EA4
 |   |   |- Guid:828CCD974AD5B6237B5EFB9B3F1F8F9C BaseClass: NativeClass:/Script/Engine.StaticMeshActor Name:StaticMeshActor_UAID_FC3497DE5D47B5AF01_1383020817 Label:StaticMeshActor SpatiallyLoaded:1 Bounds:IsValid=true, Min=(X=2310.000 Y=170.000 Z=590.000), Max=(X=2310.000 Y=170.000 Z=590.000) RuntimeGrid:None EditorOnly:0 RuntimeOnly:0 HLODRelevant:0 ListedInSceneOutliner:1 IsMainWorldOnly:0
 |   |   |- Guid:874F8AC04262AD402C9E3F84B0A7106E BaseClass:/Game/Blueprints/Enemies/Skeleton/BP_Skeleton.BP_Skeleton_C NativeClass:/Script/PaperZD.PaperZDCharacter Name:BP_Skeleton_C_UAID_FC3497DE5D473ABB01_1888516847 Label:BP_Skeleton9 SpatiallyLoaded:1 Bounds:IsValid=true, Min=(X=2158.000 Y=20.397 Z=-39.154), Max=(X=2222.000 Y=77.603 Z=47.154) RuntimeGrid:None EditorOnly:0 RuntimeOnly:0 HLODRelevant:0 ListedInSceneOutliner:1 IsMainWorldOnly:0 FolderPath:enemies FolderGuid:386B830542E85855740DA6A14E899EA4
 |   |   |- Guid:8CC0E48F472CE2C92AEEBE81DE2B23BE BaseClass: NativeClass:/Script/Engine.VolumetricCloud Name:VolumetricCloud_UAID_A85E45CFE40401D200_1470381760 Label:VolumetricCloud SpatiallyLoaded:0 Bounds:IsValid=true, Min=(X=0.000 Y=0.000 Z=0.000), Max=(X=0.000 Y=0.000 Z=0.000) RuntimeGrid:None EditorOnly:0 RuntimeOnly:0 HLODRelevant:0 ListedInSceneOutliner:1 IsMainWorldOnly:0
 |   |   |- Guid:8D7C08E04D472A2CD0AE99A667DD28FA BaseClass: NativeClass:/Script/Engine.WorldDataLayers Name:WorldDataLayers Label:WorldDataLayers-1 SpatiallyLoaded:0 Bounds:Invalid RuntimeGrid:None EditorOnly:0 RuntimeOnly:0 HLODRelevant:0 ListedInSceneOutliner:1 IsMainWorldOnly:1
 |   |   |- Guid:8D9E37E0402103ACABC1D1A898329883 BaseClass:/Game/Blueprints/Enemies/Skeleton/BP_Skeleton.BP_Skeleton_C NativeClass:/Script/PaperZD.PaperZDCharacter Name:BP_Skeleton_C_UAID_FC3497DE5D473ABB01_1794395841 Label:BP_Skeleton3 SpatiallyLoaded:1 Bounds:IsValid=true, Min=(X=3118.000 Y=20.397 Z=270.846), Max=(X=3182.000 Y=77.603 Z=357.154) RuntimeGrid:None EditorOnly:0 RuntimeOnly:0 HLODRelevant:0 ListedInSceneOutliner:1 IsMainWorldOnly:0 FolderPath:enemies FolderGuid:386B830542E85855740DA6A14E899EA4
 |   |   |- Guid:B5791DBF45DEE415F7485C9C00870985 BaseClass: NativeClass:/Script/Paper2D.PaperSpriteActor Name:PaperSpriteActor_UAID_FC3497DE5D47B5AF01_1187286816 Label:caveRemasteredV7_Sprite SpatiallyLoaded:1 Bounds:IsValid=true, Min=(X=2001.430 Y=-55.925 Z=-297.380), Max=(X=4430.500 Y=-4.075 Z=1242.565) RuntimeGrid:None EditorOnly:0 RuntimeOnly:0 HLODRelevant:0 ListedInSceneOutliner:1 IsMainWorldOnly:0
 |   |   |- Guid:B70608CF4A98B1BC47506F830EBC8E7C BaseClass:/Game/Blueprints/Enemies/Skeleton/BP_Skeleton.BP_Skeleton_C NativeClass:/Script/PaperZD.PaperZDCharacter Name:BP_Skeleton_C_UAID_FC3497DE5D473BBB01_1106053029 Label:BP_Skeleton15 SpatiallyLoaded:1 Bounds:IsValid=true, Min=(X=3558.000 Y=20.397 Z=270.846), Max=(X=3622.000 Y=77.603 Z=357.154) RuntimeGrid:None EditorOnly:0 RuntimeOnly:0 HLODRelevant:0 ListedInSceneOutliner:1 IsMainWorldOnly:0 FolderPath:enemies FolderGuid:386B830542E85855740DA6A14E899EA4
 |   |   |- Guid:BC11B0B14214F82E2C617481341DEB57 BaseClass: NativeClass:/Script/Engine.TriggerBox Name:TriggerBox_UAID_FC3497DE5D4759BB01_1475073296 Label:TriggerBox2 SpatiallyLoaded:1 Bounds:IsValid=true, Min=(X=470.031 Y=-68.100 Z=-80.000), Max=(X=809.969 Y=68.100 Z=0.000) RuntimeGrid:None EditorOnly:0 RuntimeOnly:0 HLODRelevant:0 ListedInSceneOutliner:1 IsMainWorldOnly:0 FolderPath:triggerboxes FolderGuid:220F06044A7E7E1367BDA982C1BCD938
 |   |   |- Guid:C751633D4AD32CE030C744B5F752076D BaseClass:/Game/Blueprints/Enemies/Skeleton/BP_Skeleton.BP_Skeleton_C NativeClass:/Script/PaperZD.PaperZDCharacter Name:BP_Skeleton_C_UAID_FC3497DE5D473ABB01_1824149844 Label:BP_Skeleton6 SpatiallyLoaded:1 Bounds:IsValid=true, Min=(X=1428.000 Y=20.397 Z=-39.154), Max=(X=1492.000 Y=77.603 Z=47.154) RuntimeGrid:None EditorOnly:0 RuntimeOnly:0 HLODRelevant:0 ListedInSceneOutliner:1 IsMainWorldOnly:0 FolderPath:enemies FolderGuid:386B830542E85855740DA6A14E899EA4
 |   |   |- Guid:CE91841845FBC560B35509B0C522D7F1 BaseClass: NativeClass:/Script/Engine.SkyAtmosphere Name:SkyAtmosphere_UAID_A85E45CFE40401D200_1470382762 Label:SkyAtmosphere SpatiallyLoaded:0 Bounds:IsValid=true, Min=(X=0.000 Y=0.000 Z=0.000), Max=(X=0.000 Y=0.000 Z=0.000) RuntimeGrid:None EditorOnly:0 RuntimeOnly:0 HLODRelevant:0 ListedInSceneOutliner:1 IsMainWorldOnly:0
 |   |   |- Guid:DAECC1704D1B8E60F09F0F8FD3C16ED6 BaseClass:/Game/Blueprints/Enemies/Skeleton/BP_Skeleton.BP_Skeleton_C NativeClass:/Script/PaperZD.PaperZDCharacter Name:BP_Skeleton_C_UAID_FC3497DE5D473BBB01_1104332028 Label:BP_Skeleton14 SpatiallyLoaded:1 Bounds:IsValid=true, Min=(X=3348.000 Y=20.397 Z=270.846), Max=(X=3412.000 Y=77.603 Z=357.154) RuntimeGrid:None EditorOnly:0 RuntimeOnly:0 HLODRelevant:0 ListedInSceneOutliner:1 IsMainWorldOnly:0 FolderPath:enemies FolderGuid:386B830542E85855740DA6A14E899EA4
 |   |   |- Guid:E8FB07AE410820BA9D83C7AE3D48C822 BaseClass:/Game/Blueprints/Enemies/Skeleton/BP_Skeleton.BP_Skeleton_C NativeClass:/Script/PaperZD.PaperZDCharacter Name:BP_Skeleton_C_UAID_FC3497DE5D473BBB01_1112477030 Label:BP_Skeleton16 SpatiallyLoaded:1 Bounds:IsValid=true, Min=(X=3608.000 Y=20.397 Z=-49.154), Max=(X=3672.000 Y=77.603 Z=37.154) RuntimeGrid:None EditorOnly:0 RuntimeOnly:0 HLODRelevant:0 ListedInSceneOutliner:1 IsMainWorldOnly:0 FolderPath:enemies FolderGuid:386B830542E85855740DA6A14E899EA4
 |   |   |- Guid:E94C21C847ED53D1F623ECB7F8F0C79E BaseClass: NativeClass:/Script/Engine.DirectionalLight Name:DirectionalLight_UAID_A85E45CFE40401D200_1470382761 Label:DirectionalLight SpatiallyLoaded:0 Bounds:IsValid=true, Min=(X=-4398046511104.000 Y=-4398046511104.000 Z=-4398046511104.000), Max=(X=4398046511104.000 Y=4398046511104.000 Z=4398046511104.000) RuntimeGrid:None EditorOnly:0 RuntimeOnly:0 HLODRelevant:0 ListedInSceneOutliner:1 IsMainWorldOnly:0
 |   |   |- Guid:F3708A7C43B43EE50DC2EBAD0B6C5C55 BaseClass: NativeClass:/Script/Engine.StaticMeshActor Name:StaticMeshActor_UAID_A4AE111137DC54FB00_1240666663 Label:SM_SkySphere SpatiallyLoaded:0 Bounds:IsValid=true, Min=(X=-1638400.000 Y=-1638400.000 Z=-1638400.000), Max=(X=1638400.000 Y=1638400.000 Z=1638400.000) RuntimeGrid:None EditorOnly:0 RuntimeOnly:0 HLODRelevant:0 ListedInSceneOutliner:1 IsMainWorldOnly:0
 |   |- [+] Clusters:
 |   |   |- [+] [  0]
 |   |   |   |- Guid:051098A74E70665CF03E94B5911D8BB5 BaseClass: NativeClass:/Script/Paper2D.PaperTileMapActor Name:PaperTileMapActor_UAID_FC3497DE5D47B4AF01_1982217639 Label:Tilemap_TileMap SpatiallyLoaded:1 Bounds:IsValid=true, Min=(X=-28.000 Y=-97.500 Z=-392.000), Max=(X=4452.000 Y=77.500 Z=1288.000) RuntimeGrid:None EditorOnly:0 RuntimeOnly:0 HLODRelevant:0 ListedInSceneOutliner:1 IsMainWorldOnly:0
 |   |   |- [+] [  1]
 |   |   |   |- Guid:094935CE45BA93E36E4D42AEFD4D9959 BaseClass: NativeClass:/Script/Paper2D.PaperSpriteActor Name:PaperSpriteActor_UAID_FC3497DE5D471ABB01_1194028207 Label:caveRemasteredV7_Sprite2 SpatiallyLoaded:1 Bounds:IsValid=true, Min=(X=47.553 Y=-56.112 Z=-302.930), Max=(X=2025.875 Y=-3.888 Z=1248.152) RuntimeGrid:None EditorOnly:0 RuntimeOnly:0 HLODRelevant:0 ListedInSceneOutliner:1 IsMainWorldOnly:0
 |   |   |- [+] [  2]
 |   |   |   |- Guid:1120220F467D7B5C740D76B080E08934 BaseClass: NativeClass:/Script/Engine.TriggerBox Name:TriggerBox_UAID_FC3497DE5D47C6AF01_1826195807 Label:TriggerBox SpatiallyLoaded:1 Bounds:IsValid=true, Min=(X=2446.250 Y=-68.100 Z=-80.000), Max=(X=3093.750 Y=68.100 Z=0.000) RuntimeGrid:None EditorOnly:0 RuntimeOnly:0 HLODRelevant:0 ListedInSceneOutliner:1 IsMainWorldOnly:0 FolderPath:triggerboxes FolderGuid:220F06044A7E7E1367BDA982C1BCD938
 |   |   |- [+] [  3]
 |   |   |   |- Guid:1629EAD04599C2DBB2035A89B7F114C4 BaseClass:/Game/Blueprints/Enemies/Skeleton/BP_Skeleton.BP_Skeleton_C NativeClass:/Script/PaperZD.PaperZDCharacter Name:BP_Skeleton_C_UAID_FC3497DE5D4723BB01_2037883799 Label:BP_Skeleton SpatiallyLoaded:1 Bounds:IsValid=true, Min=(X=958.000 Y=20.397 Z=-39.154), Max=(X=1022.000 Y=77.603 Z=47.154) RuntimeGrid:None EditorOnly:0 RuntimeOnly:0 HLODRelevant:0 ListedInSceneOutliner:1 IsMainWorldOnly:0 FolderPath:enemies FolderGuid:386B830542E85855740DA6A14E899EA4
 |   |   |- [+] [  4]
 |   |   |   |- Guid:18BD402749A9E0FAE4B98891B8E0D785 BaseClass:/Game/Blueprints/Enemies/Skeleton/BP_Skeleton.BP_Skeleton_C NativeClass:/Script/PaperZD.PaperZDCharacter Name:BP_Skeleton_C_UAID_FC3497DE5D473ABB01_1878418846 Label:BP_Skeleton8 SpatiallyLoaded:1 Bounds:IsValid=true, Min=(X=1218.000 Y=20.397 Z=-39.154), Max=(X=1282.000 Y=77.603 Z=47.154) RuntimeGrid:None EditorOnly:0 RuntimeOnly:0 HLODRelevant:0 ListedInSceneOutliner:1 IsMainWorldOnly:0 FolderPath:enemies FolderGuid:386B830542E85855740DA6A14E899EA4
 |   |   |- [+] [  5]
 |   |   |   |- Guid:1A846CC9478A26ABC960EFAB14286DC1 BaseClass:/Game/Blueprints/Enemies/Skeleton/BP_Skeleton.BP_Skeleton_C NativeClass:/Script/PaperZD.PaperZDCharacter Name:BP_Skeleton_C_UAID_FC3497DE5D473ABB01_1809742843 Label:BP_Skeleton5 SpatiallyLoaded:1 Bounds:IsValid=true, Min=(X=1818.000 Y=20.397 Z=-39.154), Max=(X=1882.000 Y=77.603 Z=47.154) RuntimeGrid:None EditorOnly:0 RuntimeOnly:0 HLODRelevant:0 ListedInSceneOutliner:1 IsMainWorldOnly:0 FolderPath:enemies FolderGuid:386B830542E85855740DA6A14E899EA4
 |   |   |- [+] [  6]
 |   |   |   |- Guid:25FA7C004C486B40B4F2E2A5ECC4F1C6 BaseClass:/Game/Blueprints/Enemies/Skeleton/BP_Skeleton.BP_Skeleton_C NativeClass:/Script/PaperZD.PaperZDCharacter Name:BP_Skeleton_C_UAID_FC3497DE5D473ABB01_1863553845 Label:BP_Skeleton7 SpatiallyLoaded:1 Bounds:IsValid=true, Min=(X=1658.000 Y=20.397 Z=-39.154), Max=(X=1722.000 Y=77.603 Z=47.154) RuntimeGrid:None EditorOnly:0 RuntimeOnly:0 HLODRelevant:0 ListedInSceneOutliner:1 IsMainWorldOnly:0 FolderPath:enemies FolderGuid:386B830542E85855740DA6A14E899EA4
 |   |   |- [+] [  7]
 |   |   |   |- Guid:2E0C968D47A97B5D351BCE85330CC5BF BaseClass:/Game/Blueprints/Enemies/Skeleton/BP_Skeleton.BP_Skeleton_C NativeClass:/Script/PaperZD.PaperZDCharacter Name:BP_Skeleton_C_UAID_FC3497DE5D473ABB01_1782179840 Label:BP_Skeleton2 SpatiallyLoaded:1 Bounds:IsValid=true, Min=(X=2358.000 Y=20.397 Z=340.846), Max=(X=2422.000 Y=77.603 Z=427.154) RuntimeGrid:None EditorOnly:0 RuntimeOnly:0 HLODRelevant:0 ListedInSceneOutliner:1 IsMainWorldOnly:0 FolderPath:enemies FolderGuid:386B830542E85855740DA6A14E899EA4
 |   |   |- [+] [  8]
 |   |   |   |- Guid:3C0BFDC9433F7DD5649F118A41EDD852 BaseClass: NativeClass:/Script/Engine.ExponentialHeightFog Name:ExponentialHeightFog_UAID_A85E45CFE40401D200_1470382763 Label:ExponentialHeightFog SpatiallyLoaded:0 Bounds:IsValid=true, Min=(X=-5600.000 Y=-50.000 Z=-6850.000), Max=(X=-5600.000 Y=-50.000 Z=-6850.000) RuntimeGrid:None EditorOnly:0 RuntimeOnly:0 HLODRelevant:0 ListedInSceneOutliner:1 IsMainWorldOnly:0
 |   |   |- [+] [  9]
 |   |   |   |- Guid:58AB328647C7F16D489DE79C185124E4 BaseClass: NativeClass:/Script/Engine.PlayerStart Name:PlayerStart_UAID_F02F74551BF5599B01_1153002503 Label:PlayerStart SpatiallyLoaded:0 Bounds:IsValid=true, Min=(X=270.000 Y=20.000 Z=230.000), Max=(X=350.000 Y=100.000 Z=414.000) RuntimeGrid:None EditorOnly:0 RuntimeOnly:0 HLODRelevant:0 ListedInSceneOutliner:1 IsMainWorldOnly:0
 |   |   |- [+] [ 10]
 |   |   |   |- Guid:5BB1D89A4E1C82F05A62289E38EBF54D BaseClass:/Game/Blueprints/Enemies/Skeleton/BP_Skeleton.BP_Skeleton_C NativeClass:/Script/PaperZD.PaperZDCharacter Name:BP_Skeleton_C_UAID_FC3497DE5D473ABB01_1803975842 Label:BP_Skeleton4 SpatiallyLoaded:1 Bounds:IsValid=true, Min=(X=3118.000 Y=20.397 Z=-49.154), Max=(X=3182.000 Y=77.603 Z=37.154) RuntimeGrid:None EditorOnly:0 RuntimeOnly:0 HLODRelevant:0 ListedInSceneOutliner:1 IsMainWorldOnly:0 FolderPath:enemies FolderGuid:386B830542E85855740DA6A14E899EA4
 |   |   |- [+] [ 11]
 |   |   |   |- Guid:828CCD974AD5B6237B5EFB9B3F1F8F9C BaseClass: NativeClass:/Script/Engine.StaticMeshActor Name:StaticMeshActor_UAID_FC3497DE5D47B5AF01_1383020817 Label:StaticMeshActor SpatiallyLoaded:1 Bounds:IsValid=true, Min=(X=2310.000 Y=170.000 Z=590.000), Max=(X=2310.000 Y=170.000 Z=590.000) RuntimeGrid:None EditorOnly:0 RuntimeOnly:0 HLODRelevant:0 ListedInSceneOutliner:1 IsMainWorldOnly:0
 |   |   |- [+] [ 12]
 |   |   |   |- Guid:874F8AC04262AD402C9E3F84B0A7106E BaseClass:/Game/Blueprints/Enemies/Skeleton/BP_Skeleton.BP_Skeleton_C NativeClass:/Script/PaperZD.PaperZDCharacter Name:BP_Skeleton_C_UAID_FC3497DE5D473ABB01_1888516847 Label:BP_Skeleton9 SpatiallyLoaded:1 Bounds:IsValid=true, Min=(X=2158.000 Y=20.397 Z=-39.154), Max=(X=2222.000 Y=77.603 Z=47.154) RuntimeGrid:None EditorOnly:0 RuntimeOnly:0 HLODRelevant:0 ListedInSceneOutliner:1 IsMainWorldOnly:0 FolderPath:enemies FolderGuid:386B830542E85855740DA6A14E899EA4
 |   |   |- [+] [ 13]
 |   |   |   |- Guid:8CC0E48F472CE2C92AEEBE81DE2B23BE BaseClass: NativeClass:/Script/Engine.VolumetricCloud Name:VolumetricCloud_UAID_A85E45CFE40401D200_1470381760 Label:VolumetricCloud SpatiallyLoaded:0 Bounds:IsValid=true, Min=(X=0.000 Y=0.000 Z=0.000), Max=(X=0.000 Y=0.000 Z=0.000) RuntimeGrid:None EditorOnly:0 RuntimeOnly:0 HLODRelevant:0 ListedInSceneOutliner:1 IsMainWorldOnly:0
 |   |   |- [+] [ 14]
 |   |   |   |- Guid:8D7C08E04D472A2CD0AE99A667DD28FA BaseClass: NativeClass:/Script/Engine.WorldDataLayers Name:WorldDataLayers Label:WorldDataLayers-1 SpatiallyLoaded:0 Bounds:Invalid RuntimeGrid:None EditorOnly:0 RuntimeOnly:0 HLODRelevant:0 ListedInSceneOutliner:1 IsMainWorldOnly:1
 |   |   |- [+] [ 15]
 |   |   |   |- Guid:8D9E37E0402103ACABC1D1A898329883 BaseClass:/Game/Blueprints/Enemies/Skeleton/BP_Skeleton.BP_Skeleton_C NativeClass:/Script/PaperZD.PaperZDCharacter Name:BP_Skeleton_C_UAID_FC3497DE5D473ABB01_1794395841 Label:BP_Skeleton3 SpatiallyLoaded:1 Bounds:IsValid=true, Min=(X=3118.000 Y=20.397 Z=270.846), Max=(X=3182.000 Y=77.603 Z=357.154) RuntimeGrid:None EditorOnly:0 RuntimeOnly:0 HLODRelevant:0 ListedInSceneOutliner:1 IsMainWorldOnly:0 FolderPath:enemies FolderGuid:386B830542E85855740DA6A14E899EA4
 |   |   |- [+] [ 16]
 |   |   |   |- Guid:B5791DBF45DEE415F7485C9C00870985 BaseClass: NativeClass:/Script/Paper2D.PaperSpriteActor Name:PaperSpriteActor_UAID_FC3497DE5D47B5AF01_1187286816 Label:caveRemasteredV7_Sprite SpatiallyLoaded:1 Bounds:IsValid=true, Min=(X=2001.430 Y=-55.925 Z=-297.380), Max=(X=4430.500 Y=-4.075 Z=1242.565) RuntimeGrid:None EditorOnly:0 RuntimeOnly:0 HLODRelevant:0 ListedInSceneOutliner:1 IsMainWorldOnly:0
 |   |   |- [+] [ 17]
 |   |   |   |- Guid:B70608CF4A98B1BC47506F830EBC8E7C BaseClass:/Game/Blueprints/Enemies/Skeleton/BP_Skeleton.BP_Skeleton_C NativeClass:/Script/PaperZD.PaperZDCharacter Name:BP_Skeleton_C_UAID_FC3497DE5D473BBB01_1106053029 Label:BP_Skeleton15 SpatiallyLoaded:1 Bounds:IsValid=true, Min=(X=3558.000 Y=20.397 Z=270.846), Max=(X=3622.000 Y=77.603 Z=357.154) RuntimeGrid:None EditorOnly:0 RuntimeOnly:0 HLODRelevant:0 ListedInSceneOutliner:1 IsMainWorldOnly:0 FolderPath:enemies FolderGuid:386B830542E85855740DA6A14E899EA4
 |   |   |- [+] [ 18]
 |   |   |   |- Guid:BC11B0B14214F82E2C617481341DEB57 BaseClass: NativeClass:/Script/Engine.TriggerBox Name:TriggerBox_UAID_FC3497DE5D4759BB01_1475073296 Label:TriggerBox2 SpatiallyLoaded:1 Bounds:IsValid=true, Min=(X=470.031 Y=-68.100 Z=-80.000), Max=(X=809.969 Y=68.100 Z=0.000) RuntimeGrid:None EditorOnly:0 RuntimeOnly:0 HLODRelevant:0 ListedInSceneOutliner:1 IsMainWorldOnly:0 FolderPath:triggerboxes FolderGuid:220F06044A7E7E1367BDA982C1BCD938
 |   |   |- [+] [ 19]
 |   |   |   |- Guid:C751633D4AD32CE030C744B5F752076D BaseClass:/Game/Blueprints/Enemies/Skeleton/BP_Skeleton.BP_Skeleton_C NativeClass:/Script/PaperZD.PaperZDCharacter Name:BP_Skeleton_C_UAID_FC3497DE5D473ABB01_1824149844 Label:BP_Skeleton6 SpatiallyLoaded:1 Bounds:IsValid=true, Min=(X=1428.000 Y=20.397 Z=-39.154), Max=(X=1492.000 Y=77.603 Z=47.154) RuntimeGrid:None EditorOnly:0 RuntimeOnly:0 HLODRelevant:0 ListedInSceneOutliner:1 IsMainWorldOnly:0 FolderPath:enemies FolderGuid:386B830542E85855740DA6A14E899EA4
 |   |   |- [+] [ 20]
 |   |   |   |- Guid:CE91841845FBC560B35509B0C522D7F1 BaseClass: NativeClass:/Script/Engine.SkyAtmosphere Name:SkyAtmosphere_UAID_A85E45CFE40401D200_1470382762 Label:SkyAtmosphere SpatiallyLoaded:0 Bounds:IsValid=true, Min=(X=0.000 Y=0.000 Z=0.000), Max=(X=0.000 Y=0.000 Z=0.000) RuntimeGrid:None EditorOnly:0 RuntimeOnly:0 HLODRelevant:0 ListedInSceneOutliner:1 IsMainWorldOnly:0
 |   |   |- [+] [ 21]
 |   |   |   |- Guid:DAECC1704D1B8E60F09F0F8FD3C16ED6 BaseClass:/Game/Blueprints/Enemies/Skeleton/BP_Skeleton.BP_Skeleton_C NativeClass:/Script/PaperZD.PaperZDCharacter Name:BP_Skeleton_C_UAID_FC3497DE5D473BBB01_1104332028 Label:BP_Skeleton14 SpatiallyLoaded:1 Bounds:IsValid=true, Min=(X=3348.000 Y=20.397 Z=270.846), Max=(X=3412.000 Y=77.603 Z=357.154) RuntimeGrid:None EditorOnly:0 RuntimeOnly:0 HLODRelevant:0 ListedInSceneOutliner:1 IsMainWorldOnly:0 FolderPath:enemies FolderGuid:386B830542E85855740DA6A14E899EA4
 |   |   |- [+] [ 22]
 |   |   |   |- Guid:E8FB07AE410820BA9D83C7AE3D48C822 BaseClass:/Game/Blueprints/Enemies/Skeleton/BP_Skeleton.BP_Skeleton_C NativeClass:/Script/PaperZD.PaperZDCharacter Name:BP_Skeleton_C_UAID_FC3497DE5D473BBB01_1112477030 Label:BP_Skeleton16 SpatiallyLoaded:1 Bounds:IsValid=true, Min=(X=3608.000 Y=20.397 Z=-49.154), Max=(X=3672.000 Y=77.603 Z=37.154) RuntimeGrid:None EditorOnly:0 RuntimeOnly:0 HLODRelevant:0 ListedInSceneOutliner:1 IsMainWorldOnly:0 FolderPath:enemies FolderGuid:386B830542E85855740DA6A14E899EA4
 |   |   |- [+] [ 23]
 |   |   |   |- Guid:E94C21C847ED53D1F623ECB7F8F0C79E BaseClass: NativeClass:/Script/Engine.DirectionalLight Name:DirectionalLight_UAID_A85E45CFE40401D200_1470382761 Label:DirectionalLight SpatiallyLoaded:0 Bounds:IsValid=true, Min=(X=-4398046511104.000 Y=-4398046511104.000 Z=-4398046511104.000), Max=(X=4398046511104.000 Y=4398046511104.000 Z=4398046511104.000) RuntimeGrid:None EditorOnly:0 RuntimeOnly:0 HLODRelevant:0 ListedInSceneOutliner:1 IsMainWorldOnly:0
 |   |   |- [+] [ 24]
 |   |   |   |- Guid:F3708A7C43B43EE50DC2EBAD0B6C5C55 BaseClass: NativeClass:/Script/Engine.StaticMeshActor Name:StaticMeshActor_UAID_A4AE111137DC54FB00_1240666663 Label:SM_SkySphere SpatiallyLoaded:0 Bounds:IsValid=true, Min=(X=-1638400.000 Y=-1638400.000 Z=-1638400.000), Max=(X=1638400.000 Y=1638400.000 Z=1638400.000) RuntimeGrid:None EditorOnly:0 RuntimeOnly:0 HLODRelevant:0 ListedInSceneOutliner:1 IsMainWorldOnly:0
 |- ContainerInstances:
 |- [+] MainContainer:
 |   |-        ID: 00000000000000000000000000000000
 |   |-  ParentID: 00000000000000000000000000000000
 |   |-    Bounds: IsValid=true, Min=(X=-28.000 Y=-97.500 Z=-392.000), Max=(X=4452.000 Y=170.000 Z=1288.000)
 |   |- Transform: 0.000000,0.000000,0.000000|0.000000,0.000000,-0.000000|1.000000,1.000000,1.000000
 |   |- Container: /Game/Map/Midterm_CavernEscape
----------------------------------------------------------------------------------------------------------------
Midterm_CavernEscape - Persistent Level
----------------------------------------------------------------------------------------------------------------
[+] Content of Midterm_CavernEscape Persistent Level
 |- Always loaded Actor Count: 32 
 |- Actor Path: /Game/Map/Midterm_CavernEscape.Midterm_CavernEscape:PersistentLevel.AbstractNavData-Default
 |- Actor Package: /Game/Map/Midterm_CavernEscape
 |- Actor Path: /Game/Map/Midterm_CavernEscape.Midterm_CavernEscape:PersistentLevel.BP_Skeleton_C_UAID_FC3497DE5D4723BB01_2037883799
 |- Actor Package: /Game/__ExternalActors__/Map/Midterm_CavernEscape/7/UD/CNULIFJHIQAJPTD3N8IA1D
 |- Actor Path: /Game/Map/Midterm_CavernEscape.Midterm_CavernEscape:PersistentLevel.BP_Skeleton_C_UAID_FC3497DE5D473ABB01_1782179840
 |- Actor Package: /Game/__ExternalActors__/Map/Midterm_CavernEscape/4/OW/O26W25K4F63OWQS9T36SNH
 |- Actor Path: /Game/Map/Midterm_CavernEscape.Midterm_CavernEscape:PersistentLevel.BP_Skeleton_C_UAID_FC3497DE5D473ABB01_1794395841
 |- Actor Package: /Game/__ExternalActors__/Map/Midterm_CavernEscape/7/EX/WVKZM5SJ61TF1SHXZ8TY16
 |- Actor Path: /Game/Map/Midterm_CavernEscape.Midterm_CavernEscape:PersistentLevel.BP_Skeleton_C_UAID_FC3497DE5D473ABB01_1803975842
 |- Actor Package: /Game/__ExternalActors__/Map/Midterm_CavernEscape/6/XG/AII6YT8FUAQOA8VQCG2AIA
 |- Actor Path: /Game/Map/Midterm_CavernEscape.Midterm_CavernEscape:PersistentLevel.BP_Skeleton_C_UAID_FC3497DE5D473ABB01_1809742843
 |- Actor Package: /Game/__ExternalActors__/Map/Midterm_CavernEscape/E/5A/2VXAMJVXL11RTRVV4XE0R1
 |- Actor Path: /Game/Map/Midterm_CavernEscape.Midterm_CavernEscape:PersistentLevel.BP_Skeleton_C_UAID_FC3497DE5D473ABB01_1824149844
 |- Actor Package: /Game/__ExternalActors__/Map/Midterm_CavernEscape/4/DC/T4VD4YJURNF4I6VVH5B2HR
 |- Actor Path: /Game/Map/Midterm_CavernEscape.Midterm_CavernEscape:PersistentLevel.BP_Skeleton_C_UAID_FC3497DE5D473ABB01_1863553845
 |- Actor Package: /Game/__ExternalActors__/Map/Midterm_CavernEscape/A/GJ/MYZBMDPNHM2XXJK44VH2V7
 |- Actor Path: /Game/Map/Midterm_CavernEscape.Midterm_CavernEscape:PersistentLevel.BP_Skeleton_C_UAID_FC3497DE5D473ABB01_1878418846
 |- Actor Package: /Game/__ExternalActors__/Map/Midterm_CavernEscape/A/UH/ZS832N4ATYI2WZ157ZUE0Y
 |- Actor Path: /Game/Map/Midterm_CavernEscape.Midterm_CavernEscape:PersistentLevel.BP_Skeleton_C_UAID_FC3497DE5D473ABB01_1888516847
 |- Actor Package: /Game/__ExternalActors__/Map/Midterm_CavernEscape/7/HU/KAVG6SPUEVNXATA7KXNVRX
 |- Actor Path: /Game/Map/Midterm_CavernEscape.Midterm_CavernEscape:PersistentLevel.BP_Skeleton_C_UAID_FC3497DE5D473BBB01_1104332028
 |- Actor Package: /Game/__ExternalActors__/Map/Midterm_CavernEscape/E/AB/7SQP2BAF7D9ST1B9GFWEO6
 |- Actor Path: /Game/Map/Midterm_CavernEscape.Midterm_CavernEscape:PersistentLevel.BP_Skeleton_C_UAID_FC3497DE5D473BBB01_1106053029
 |- Actor Package: /Game/__ExternalActors__/Map/Midterm_CavernEscape/F/18/RZM7T0DJ2Q1MF89NTM0Z9P
 |- Actor Path: /Game/Map/Midterm_CavernEscape.Midterm_CavernEscape:PersistentLevel.BP_Skeleton_C_UAID_FC3497DE5D473BBB01_1112477030
 |- Actor Package: /Game/__ExternalActors__/Map/Midterm_CavernEscape/D/2Q/DP7F14V48SYQXBZ6BLNWY8
 |- Actor Path: /Game/Map/Midterm_CavernEscape.Midterm_CavernEscape:PersistentLevel.Brush_0
 |- Actor Package: /Game/Map/Midterm_CavernEscape
 |- Actor Path: /Game/Map/Midterm_CavernEscape.Midterm_CavernEscape:PersistentLevel.DefaultPhysicsVolume_0
 |- Actor Package: /Game/Map/Midterm_CavernEscape
 |- Actor Path: /Game/Map/Midterm_CavernEscape.Midterm_CavernEscape:PersistentLevel.DirectionalLight_UAID_A85E45CFE40401D200_1470382761
 |- Actor Package: /Game/__ExternalActors__/Map/Midterm_CavernEscape/0/A9/2O77XSGBWIFOYZLUJKNAQZ
 |- Actor Path: /Game/Map/Midterm_CavernEscape.Midterm_CavernEscape:PersistentLevel.ExponentialHeightFog_UAID_A85E45CFE40401D200_1470382763
 |- Actor Package: /Game/__ExternalActors__/Map/Midterm_CavernEscape/7/64/9XMYYEHUK9Z2YNBB2397PB
 |- Actor Path: /Game/Map/Midterm_CavernEscape.Midterm_CavernEscape:PersistentLevel.GameplayDebuggerPlayerManager_0
 |- Actor Package: /Game/Map/Midterm_CavernEscape
 |- Actor Path: /Game/Map/Midterm_CavernEscape.Midterm_CavernEscape:PersistentLevel.Midterm_CavernEscape_C_3
 |- Actor Package: /Game/Map/Midterm_CavernEscape
 |- Actor Path: /Game/Map/Midterm_CavernEscape.Midterm_CavernEscape:PersistentLevel.PaperSpriteActor_UAID_FC3497DE5D471ABB01_1194028207
 |- Actor Package: /Game/__ExternalActors__/Map/Midterm_CavernEscape/B/UL/R251CELAVHHU0I1PCXT0DC
 |- Actor Path: /Game/Map/Midterm_CavernEscape.Midterm_CavernEscape:PersistentLevel.PaperSpriteActor_UAID_FC3497DE5D47B5AF01_1187286816
 |- Actor Package: /Game/__ExternalActors__/Map/Midterm_CavernEscape/B/58/IAQAPJCLVLH2WLR676A87J
 |- Actor Path: /Game/Map/Midterm_CavernEscape.Midterm_CavernEscape:PersistentLevel.PaperTileMapActor_UAID_FC3497DE5D47B4AF01_1982217639
 |- Actor Package: /Game/__ExternalActors__/Map/Midterm_CavernEscape/0/R2/F8DL9RCDWSM60FXSDMPRQS
 |- Actor Path: /Game/Map/Midterm_CavernEscape.Midterm_CavernEscape:PersistentLevel.PlayerStart_UAID_F02F74551BF5599B01_1153002503
 |- Actor Package: /Game/__ExternalActors__/Map/Midterm_CavernEscape/3/FQ/0SOM1HQPVSU7520VB9GW9E
 |- Actor Path: /Game/Map/Midterm_CavernEscape.Midterm_CavernEscape:PersistentLevel.SkyAtmosphere_UAID_A85E45CFE40401D200_1470382762
 |- Actor Package: /Game/__ExternalActors__/Map/Midterm_CavernEscape/6/0B/RGJJWIJ2JX0YPLOS1H5TGT
 |- Actor Path: /Game/Map/Midterm_CavernEscape.Midterm_CavernEscape:PersistentLevel.StaticMeshActor_UAID_A4AE111137DC54FB00_1240666663
 |- Actor Package: /Game/__ExternalActors__/Map/Midterm_CavernEscape/9/P7/RSGOL83E0GWDBNIZ08VL9N
 |- Actor Path: /Game/Map/Midterm_CavernEscape.Midterm_CavernEscape:PersistentLevel.StaticMeshActor_UAID_FC3497DE5D47B5AF01_1383020817
 |- Actor Package: /Game/__ExternalActors__/Map/Midterm_CavernEscape/B/1I/10O1KKMGAYH63U5Q1R6W18
 |- Actor Path: /Game/Map/Midterm_CavernEscape.Midterm_CavernEscape:PersistentLevel.TriggerBox_UAID_FC3497DE5D4759BB01_1475073296
 |- Actor Package: /Game/__ExternalActors__/Map/Midterm_CavernEscape/C/KL/J1J0WIV2S6QFZFBSKI7TZH
 |- Actor Path: /Game/Map/Midterm_CavernEscape.Midterm_CavernEscape:PersistentLevel.TriggerBox_UAID_FC3497DE5D47C6AF01_1826195807
 |- Actor Package: /Game/__ExternalActors__/Map/Midterm_CavernEscape/6/6F/A05Q4XVU8W7C7C0SYPYELK
 |- Actor Path: /Game/Map/Midterm_CavernEscape.Midterm_CavernEscape:PersistentLevel.VolumetricCloud_UAID_A85E45CFE40401D200_1470381760
 |- Actor Package: /Game/__ExternalActors__/Map/Midterm_CavernEscape/9/LC/9IEIIRW9RP2LL2RHV661XM
 |- Actor Path: /Game/Map/Midterm_CavernEscape.Midterm_CavernEscape:PersistentLevel.WorldDataLayers
 |- Actor Package: /Game/__ExternalActors__/Map/Midterm_CavernEscape/7/TB/ZYZTXVPIEBUS5M9ZLJ81EU
 |- Actor Path: /Game/Map/Midterm_CavernEscape.Midterm_CavernEscape:PersistentLevel.WorldPartitionMiniMap_UAID_3497F631D5890DD300_1296925927
 |- Actor Package: /Game/__ExternalActors__/Map/Midterm_CavernEscape/8/D0/SE3GOBYCIUDQYEF8R7Z2ZI
 |- Actor Path: /Game/Map/Midterm_CavernEscape.Midterm_CavernEscape:PersistentLevel.WorldSettings
 |- Actor Package: /Game/Map/Midterm_CavernEscape

----------------------------------------------------------------------------------------------------------------
Midterm_CavernEscape - Runtime Spatial Hash - Streaming Grid - MainGrid
----------------------------------------------------------------------------------------------------------------
            Origin: X=0.000 Y=0.000 Z=0.000
         Cell Size: 25600
      World Bounds: IsValid=true, Min=(X=-28.000 Y=-97.500 Z=-392.000), Max=(X=4452.000 Y=170.000 Z=1288.000)
     Loading Range: 76800.00
Block Slow Loading: No
 ClientOnlyVisible: No
            Origin: X=0.000 Y=0.000 Z=0.000

[+] Grid Levels: 2
 |- Level  0: Cell Count    1 | Cell Size   25600 | Actor Count   17 (100.0%)
 |- Level  1: Cell Count    0 | Cell Size   51200 | Actor Count    0 (0.0%)

[+] Content of Grid Level 0
 |- [+] Content of Cell Midterm_CavernEscape_MainGrid_L0_X0_Y0 (BUMQEWK12A3XLA5M7NN3XEI2D)
 |   |- Actor Count: 17
 |   |-          Actor Path: /Game/Map/Midterm_CavernEscape.Midterm_CavernEscape:PersistentLevel.PaperTileMapActor_UAID_FC3497DE5D47B4AF01_1982217639
 |   |-       Actor Package: /Game/__ExternalActors__/Map/Midterm_CavernEscape/0/R2/F8DL9RCDWSM60FXSDMPRQS
 |   |- Actor Instance Guid: 051098A74E70665CF03E94B5911D8BB5
 |   |-          Actor Path: /Game/Map/Midterm_CavernEscape.Midterm_CavernEscape:PersistentLevel.PaperSpriteActor_UAID_FC3497DE5D471ABB01_1194028207
 |   |-       Actor Package: /Game/__ExternalActors__/Map/Midterm_CavernEscape/B/UL/R251CELAVHHU0I1PCXT0DC
 |   |- Actor Instance Guid: 094935CE45BA93E36E4D42AEFD4D9959
 |   |-          Actor Path: /Game/Map/Midterm_CavernEscape.Midterm_CavernEscape:PersistentLevel.BP_Skeleton_C_UAID_FC3497DE5D4723BB01_2037883799
 |   |-       Actor Package: /Game/__ExternalActors__/Map/Midterm_CavernEscape/7/UD/CNULIFJHIQAJPTD3N8IA1D
 |   |- Actor Instance Guid: 1629EAD04599C2DBB2035A89B7F114C4
 |   |-          Actor Path: /Game/Map/Midterm_CavernEscape.Midterm_CavernEscape:PersistentLevel.BP_Skeleton_C_UAID_FC3497DE5D473ABB01_1878418846
 |   |-       Actor Package: /Game/__ExternalActors__/Map/Midterm_CavernEscape/A/UH/ZS832N4ATYI2WZ157ZUE0Y
 |   |- Actor Instance Guid: 18BD402749A9E0FAE4B98891B8E0D785
 |   |-          Actor Path: /Game/Map/Midterm_CavernEscape.Midterm_CavernEscape:PersistentLevel.BP_Skeleton_C_UAID_FC3497DE5D473ABB01_1809742843
 |   |-       Actor Package: /Game/__ExternalActors__/Map/Midterm_CavernEscape/E/5A/2VXAMJVXL11RTRVV4XE0R1
 |   |- Actor Instance Guid: 1A846CC9478A26ABC960EFAB14286DC1
 |   |-          Actor Path: /Game/Map/Midterm_CavernEscape.Midterm_CavernEscape:PersistentLevel.BP_Skeleton_C_UAID_FC3497DE5D473ABB01_1863553845
 |   |-       Actor Package: /Game/__ExternalActors__/Map/Midterm_CavernEscape/A/GJ/MYZBMDPNHM2XXJK44VH2V7
 |   |- Actor Instance Guid: 25FA7C004C486B40B4F2E2A5ECC4F1C6
 |   |-          Actor Path: /Game/Map/Midterm_CavernEscape.Midterm_CavernEscape:PersistentLevel.BP_Skeleton_C_UAID_FC3497DE5D473ABB01_1782179840
 |   |-       Actor Package: /Game/__ExternalActors__/Map/Midterm_CavernEscape/4/OW/O26W25K4F63OWQS9T36SNH
 |   |- Actor Instance Guid: 2E0C968D47A97B5D351BCE85330CC5BF
 |   |-          Actor Path: /Game/Map/Midterm_CavernEscape.Midterm_CavernEscape:PersistentLevel.BP_Skeleton_C_UAID_FC3497DE5D473ABB01_1803975842
 |   |-       Actor Package: /Game/__ExternalActors__/Map/Midterm_CavernEscape/6/XG/AII6YT8FUAQOA8VQCG2AIA
 |   |- Actor Instance Guid: 5BB1D89A4E1C82F05A62289E38EBF54D
 |   |-          Actor Path: /Game/Map/Midterm_CavernEscape.Midterm_CavernEscape:PersistentLevel.StaticMeshActor_UAID_FC3497DE5D47B5AF01_1383020817
 |   |-       Actor Package: /Game/__ExternalActors__/Map/Midterm_CavernEscape/B/1I/10O1KKMGAYH63U5Q1R6W18
 |   |- Actor Instance Guid: 828CCD974AD5B6237B5EFB9B3F1F8F9C
 |   |-          Actor Path: /Game/Map/Midterm_CavernEscape.Midterm_CavernEscape:PersistentLevel.BP_Skeleton_C_UAID_FC3497DE5D473ABB01_1888516847
 |   |-       Actor Package: /Game/__ExternalActors__/Map/Midterm_CavernEscape/7/HU/KAVG6SPUEVNXATA7KXNVRX
 |   |- Actor Instance Guid: 874F8AC04262AD402C9E3F84B0A7106E
 |   |-          Actor Path: /Game/Map/Midterm_CavernEscape.Midterm_CavernEscape:PersistentLevel.BP_Skeleton_C_UAID_FC3497DE5D473ABB01_1794395841
 |   |-       Actor Package: /Game/__ExternalActors__/Map/Midterm_CavernEscape/7/EX/WVKZM5SJ61TF1SHXZ8TY16
 |   |- Actor Instance Guid: 8D9E37E0402103ACABC1D1A898329883
 |   |-          Actor Path: /Game/Map/Midterm_CavernEscape.Midterm_CavernEscape:PersistentLevel.PaperSpriteActor_UAID_FC3497DE5D47B5AF01_1187286816
 |   |-       Actor Package: /Game/__ExternalActors__/Map/Midterm_CavernEscape/B/58/IAQAPJCLVLH2WLR676A87J
 |   |- Actor Instance Guid: B5791DBF45DEE415F7485C9C00870985
 |   |-          Actor Path: /Game/Map/Midterm_CavernEscape.Midterm_CavernEscape:PersistentLevel.BP_Skeleton_C_UAID_FC3497DE5D473BBB01_1106053029
 |   |-       Actor Package: /Game/__ExternalActors__/Map/Midterm_CavernEscape/F/18/RZM7T0DJ2Q1MF89NTM0Z9P
 |   |- Actor Instance Guid: B70608CF4A98B1BC47506F830EBC8E7C
 |   |-          Actor Path: /Game/Map/Midterm_CavernEscape.Midterm_CavernEscape:PersistentLevel.TriggerBox_UAID_FC3497DE5D4759BB01_1475073296
 |   |-       Actor Package: /Game/__ExternalActors__/Map/Midterm_CavernEscape/C/KL/J1J0WIV2S6QFZFBSKI7TZH
 |   |- Actor Instance Guid: BC11B0B14214F82E2C617481341DEB57
 |   |-          Actor Path: /Game/Map/Midterm_CavernEscape.Midterm_CavernEscape:PersistentLevel.BP_Skeleton_C_UAID_FC3497DE5D473ABB01_1824149844
 |   |-       Actor Package: /Game/__ExternalActors__/Map/Midterm_CavernEscape/4/DC/T4VD4YJURNF4I6VVH5B2HR
 |   |- Actor Instance Guid: C751633D4AD32CE030C744B5F752076D
 |   |-          Actor Path: /Game/Map/Midterm_CavernEscape.Midterm_CavernEscape:PersistentLevel.BP_Skeleton_C_UAID_FC3497DE5D473BBB01_1104332028
 |   |-       Actor Package: /Game/__ExternalActors__/Map/Midterm_CavernEscape/E/AB/7SQP2BAF7D9ST1B9GFWEO6
 |   |- Actor Instance Guid: DAECC1704D1B8E60F09F0F8FD3C16ED6
 |   |-          Actor Path: /Game/Map/Midterm_CavernEscape.Midterm_CavernEscape:PersistentLevel.BP_Skeleton_C_UAID_FC3497DE5D473BBB01_1112477030
 |   |-       Actor Package: /Game/__ExternalActors__/Map/Midterm_CavernEscape/D/2Q/DP7F14V48SYQXBZ6BLNWY8
 |   |- Actor Instance Guid: E8FB07AE410820BA9D83C7AE3D48C822
[+] Content of Grid Level 1

